Determining if the CXX compiler works failed with the following output:
Change Dir: /home/yair/CLionProjects/Server/cmake-build-debug/CMakeFiles/CMakeTmp

Run Build Command:"/usr/bin/make" "cmTC_add99/fast"
/usr/bin/make -f CMakeFiles/cmTC_add99.dir/build.make CMakeFiles/cmTC_add99.dir/build
make[1]: Entering directory '/home/yair/CLionProjects/Server/cmake-build-debug/CMakeFiles/CMakeTmp'
Building CXX object CMakeFiles/cmTC_add99.dir/testCXXCompiler.cxx.o
/usr/bin/c++     -o CMakeFiles/cmTC_add99.dir/testCXXCompiler.cxx.o -c /home/yair/CLionProjects/Server/cmake-build-debug/CMakeFiles/CMakeTmp/testCXXCompiler.cxx
Linking CXX executable cmTC_add99
/home/yair/clion-2017.2.3/bin/cmake/bin/cmake -E cmake_link_script CMakeFiles/cmTC_add99.dir/link.txt --verbose=1
/usr/bin/c++       CMakeFiles/cmTC_add99.dir/testCXXCompiler.cxx.o  -o cmTC_add99 
collect2: error: ld returned 1 exit status
CMakeFiles/cmTC_add99.dir/build.make:97: recipe for target 'cmTC_add99' failed
make[1]: *** [cmTC_add99] Error 1
make[1]: Leaving directory '/home/yair/CLionProjects/Server/cmake-build-debug/CMakeFiles/CMakeTmp'
Makefile:126: recipe for target 'cmTC_add99/fast' failed
make: *** [cmTC_add99/fast] Error 2


Compiling the CXX compiler identification source file "CMakeCXXCompilerId.cpp" failed.
Compiler: /usr/bin/c++ 
Build flags: 
Id flags:  

The output was:
1
CMakeCXXCompilerId.cpp:1:0: fatal error: error closing /tmp/ccUIy1ED.s: No space left on device
compilation terminated.


Checking whether the CXX compiler is IAR using "" did not match "IAR .+ Compiler":
c++: fatal error: no input files
compilation terminated.
Checking whether the CXX compiler is IAR using "" did not match "IAR .+ Compiler":
c++: fatal error: no input files
compilation terminated.
Determining if the CXX compiler works failed with the following output:


